  [4;36;1mSQL (0.1ms)[0m   [0;1mSET NAMES 'utf8'[0m
  [4;35;1mSQL (0.0ms)[0m   [0mSET SQL_AUTO_IS_NULL=0[0m
  [4;36;1mSQL (0.2ms)[0m   [0;1mSHOW TABLES[0m
  [4;35;1mSQL (70.5ms)[0m   [0mCREATE TABLE `schema_migrations` (`version` varchar(255) NOT NULL) ENGINE=InnoDB[0m
  [4;36;1mSQL (46.8ms)[0m   [0;1mCREATE UNIQUE INDEX `unique_schema_migrations` ON `schema_migrations` (`version`)[0m
  [4;35;1mSQL (0.2ms)[0m   [0mSHOW TABLES[0m
  [4;36;1mSQL (11.3ms)[0m   [0;1mSELECT version FROM schema_migrations[0m
  [4;36;1mSQL (0.1ms)[0m   [0;1mSET NAMES 'utf8'[0m
  [4;35;1mSQL (0.1ms)[0m   [0mSET SQL_AUTO_IS_NULL=0[0m
  [4;36;1mSQL (0.2ms)[0m   [0;1mSHOW TABLES[0m
  [4;35;1mSQL (0.3ms)[0m   [0mSHOW TABLES[0m
  [4;36;1mSQL (0.1ms)[0m   [0;1mSELECT version FROM schema_migrations[0m
  [4;35;1mSQL (0.1ms)[0m   [0mSHOW TABLES[0m
  [4;36;1mSQL (0.1ms)[0m   [0;1mSET NAMES 'utf8'[0m
  [4;35;1mSQL (0.1ms)[0m   [0mSET SQL_AUTO_IS_NULL=0[0m
  [4;36;1mSQL (0.2ms)[0m   [0;1mSHOW TABLES[0m
  [4;35;1mSQL (0.1ms)[0m   [0mSELECT version FROM schema_migrations[0m
  [4;36;1mSQL (0.5ms)[0m   [0;1m SELECT name
 FROM sqlite_master
 WHERE type = 'table' AND NOT name = 'sqlite_sequence'
[0m
  [4;35;1mSQL (0.2ms)[0m   [0mselect sqlite_version(*)[0m
  [4;36;1mSQL (32.2ms)[0m   [0;1mCREATE TABLE "schema_migrations" ("version" varchar(255) NOT NULL) [0m
  [4;35;1mSQL (7.8ms)[0m   [0mCREATE UNIQUE INDEX "unique_schema_migrations" ON "schema_migrations" ("version")[0m
  [4;36;1mSQL (0.2ms)[0m   [0;1m SELECT name
 FROM sqlite_master
 WHERE type = 'table' AND NOT name = 'sqlite_sequence'
[0m
  [4;35;1mSQL (0.1ms)[0m   [0mSELECT version FROM "schema_migrations"[0m
  [4;36;1mSQL (9.3ms)[0m   [0;1mINSERT INTO "schema_migrations" (version) VALUES ('0')[0m
  [4;36;1mSQL (0.1ms)[0m   [0;1mSET NAMES 'utf8'[0m
  [4;35;1mSQL (0.1ms)[0m   [0mSET SQL_AUTO_IS_NULL=0[0m
  [4;36;1mSQL (0.4ms)[0m   [0;1mSHOW TABLES[0m
  [4;35;1mSQL (0.1ms)[0m   [0mSELECT version FROM schema_migrations[0m
  [4;36;1mSQL (0.5ms)[0m   [0;1m SELECT name
 FROM sqlite_master
 WHERE type = 'table' AND NOT name = 'sqlite_sequence'
[0m
  [4;35;1mSQL (0.2ms)[0m   [0mselect sqlite_version(*)[0m
  [4;36;1mSQL (4.2ms)[0m   [0;1mCREATE TABLE "schema_migrations" ("version" varchar(255) NOT NULL) [0m
  [4;35;1mSQL (5.1ms)[0m   [0mCREATE UNIQUE INDEX "unique_schema_migrations" ON "schema_migrations" ("version")[0m
  [4;36;1mSQL (0.7ms)[0m   [0;1m SELECT name
 FROM sqlite_master
 WHERE type = 'table' AND NOT name = 'sqlite_sequence'
[0m
  [4;35;1mSQL (0.1ms)[0m   [0mSELECT version FROM "schema_migrations"[0m
  [4;36;1mSQL (6.1ms)[0m   [0;1mINSERT INTO "schema_migrations" (version) VALUES ('0')[0m
  [4;36;1mSQL (0.1ms)[0m   [0;1mSET NAMES 'utf8'[0m
  [4;35;1mSQL (0.1ms)[0m   [0mSET SQL_AUTO_IS_NULL=0[0m
  [4;36;1mSQL (0.2ms)[0m   [0;1mSHOW TABLES[0m
  [4;35;1mSQL (0.1ms)[0m   [0mSELECT version FROM schema_migrations[0m
  [4;36;1mSQL (0.3ms)[0m   [0;1m SELECT name
 FROM sqlite_master
 WHERE type = 'table' AND NOT name = 'sqlite_sequence'
[0m
  [4;35;1mSQL (0.2ms)[0m   [0mselect sqlite_version(*)[0m
  [4;36;1mSQL (24.2ms)[0m   [0;1mCREATE TABLE "schema_migrations" ("version" varchar(255) NOT NULL) [0m
  [4;35;1mSQL (7.7ms)[0m   [0mCREATE UNIQUE INDEX "unique_schema_migrations" ON "schema_migrations" ("version")[0m
  [4;36;1mSQL (0.2ms)[0m   [0;1m SELECT name
 FROM sqlite_master
 WHERE type = 'table' AND NOT name = 'sqlite_sequence'
[0m
  [4;35;1mSQL (0.1ms)[0m   [0mSELECT version FROM "schema_migrations"[0m
  [4;36;1mSQL (10.6ms)[0m   [0;1mINSERT INTO "schema_migrations" (version) VALUES ('0')[0m
  [4;36;1mSQL (40.8ms)[0m   [0;1mSET NAMES 'utf8'[0m
  [4;35;1mSQL (10.4ms)[0m   [0mSET SQL_AUTO_IS_NULL=0[0m
  [4;36;1mSQL (42.7ms)[0m   [0;1mSHOW TABLES[0m
  [4;35;1mSQL (140.1ms)[0m   [0mSELECT version FROM schema_migrations[0m
Migrating to CreateUsers (20090817181612)
  [4;36;1mSQL (200.7ms)[0m   [0;1mCREATE TABLE `users` (`id` int(11) DEFAULT NULL auto_increment PRIMARY KEY, `username` varchar(255) NOT NULL, `email` varchar(255) NOT NULL, `crypted_password` varchar(255) NOT NULL, `password_salt` varchar(255) NOT NULL, `persistence_token` varchar(255) NOT NULL, `created_at` datetime, `updated_at` datetime) ENGINE=InnoDB[0m
  [4;35;1mSQL (0.5ms)[0m   [0mINSERT INTO schema_migrations (version) VALUES ('20090817181612')[0m
  [4;36;1mSQL (0.3ms)[0m   [0;1mSHOW TABLES[0m
  [4;35;1mSQL (0.2ms)[0m   [0mSELECT version FROM schema_migrations[0m
  [4;36;1mSQL (0.2ms)[0m   [0;1mSHOW TABLES[0m
  [4;35;1mSQL (2.1ms)[0m   [0mSHOW FIELDS FROM `users`[0m
  [4;36;1mSQL (0.8ms)[0m   [0;1mdescribe `users`[0m
  [4;35;1mSQL (0.3ms)[0m   [0mSHOW KEYS FROM `users`[0m
  [4;36;1mSQL (0.1ms)[0m   [0;1mSET NAMES 'utf8'[0m
  [4;35;1mSQL (0.1ms)[0m   [0mSET SQL_AUTO_IS_NULL=0[0m


Processing UsersController#index (for 127.0.0.1 at 2009-08-17 16:02:03) [GET]
  Parameters: {"action"=>"index", "controller"=>"users"}

ActionController::UnknownAction (No action responded to index. Actions: create, edit, new, and update):
  

Rendering rescues/layout (not_found)
  [4;36;1mSQL (0.1ms)[0m   [0;1mSET NAMES 'utf8'[0m
  [4;35;1mSQL (0.1ms)[0m   [0mSET SQL_AUTO_IS_NULL=0[0m


Processing UsersController#new (for 127.0.0.1 at 2009-08-17 16:02:41) [GET]
  Parameters: {"action"=>"new", "controller"=>"users"}
  [4;36;1mUser Columns (1.0ms)[0m   [0;1mSHOW FIELDS FROM `users`[0m
Rendering template within layouts/application
Rendering users/new
Rendered users/_form (95.7ms)

ActionView::TemplateError (uninitialized constant ApplicationController::UserSession) on line #12 of app/views/layouts/application.html.erb:
9:   <body>
10:     <div id="container">
11:       <div id="user_nav">
12:         <% if current_user %>
13:           <%= link_to "Edit Profile", edit_user_path(:current) %> |
14:           <%= link_to "Logout", logout_path %>
15:         <% else %>

    app/controllers/application_controller.rb:15:in `current_user_session'
    app/controllers/application_controller.rb:20:in `current_user'
    (eval):2:in `send'
    (eval):2:in `current_user'
    app/views/layouts/application.html.erb:12

Rendered rescues/_trace (62.5ms)
Rendered rescues/_request_and_response (16.8ms)
Rendering rescues/layout (internal_server_error)
  [4;35;1mSQL (0.1ms)[0m   [0mSET NAMES 'utf8'[0m
  [4;36;1mSQL (0.1ms)[0m   [0;1mSET SQL_AUTO_IS_NULL=0[0m


Processing UsersController#new (for 127.0.0.1 at 2009-08-17 16:05:11) [GET]
  Parameters: {"action"=>"new", "controller"=>"users"}
  [4;35;1mUser Columns (0.9ms)[0m   [0mSHOW FIELDS FROM `users`[0m
Rendering template within layouts/application
Rendering users/new
Rendered users/_form (5.0ms)

ActionView::TemplateError (uninitialized constant ApplicationController::UserSession) on line #12 of app/views/layouts/application.html.erb:
9:   <body>
10:     <div id="container">
11:       <div id="user_nav">
12:         <% if current_user %>
13:           <%= link_to "Edit Profile", edit_user_path(:current) %> |
14:           <%= link_to "Logout", logout_path %>
15:         <% else %>

    app/controllers/application_controller.rb:15:in `current_user_session'
    app/controllers/application_controller.rb:20:in `current_user'
    (eval):2:in `send'
    (eval):2:in `current_user'
    app/views/layouts/application.html.erb:12

Rendered rescues/_trace (60.5ms)
Rendered rescues/_request_and_response (0.3ms)
Rendering rescues/layout (internal_server_error)
  [4;36;1mSQL (0.2ms)[0m   [0;1mSET NAMES 'utf8'[0m
  [4;35;1mSQL (0.1ms)[0m   [0mSET SQL_AUTO_IS_NULL=0[0m


Processing UsersController#new (for 127.0.0.1 at 2009-08-17 16:05:14) [GET]
  Parameters: {"action"=>"new", "controller"=>"users"}
  [4;36;1mUser Columns (0.9ms)[0m   [0;1mSHOW FIELDS FROM `users`[0m
Rendering template within layouts/application
Rendering users/new
Rendered users/_form (5.2ms)

ActionView::TemplateError (uninitialized constant ApplicationController::UserSession) on line #12 of app/views/layouts/application.html.erb:
9:   <body>
10:     <div id="container">
11:       <div id="user_nav">
12:         <% if current_user %>
13:           <%= link_to "Edit Profile", edit_user_path(:current) %> |
14:           <%= link_to "Logout", logout_path %>
15:         <% else %>

    app/controllers/application_controller.rb:15:in `current_user_session'
    app/controllers/application_controller.rb:20:in `current_user'
    (eval):2:in `send'
    (eval):2:in `current_user'
    app/views/layouts/application.html.erb:12

Rendered rescues/_trace (48.8ms)
Rendered rescues/_request_and_response (0.5ms)
Rendering rescues/layout (internal_server_error)
  [4;35;1mSQL (0.1ms)[0m   [0mSET NAMES 'utf8'[0m
  [4;36;1mSQL (0.1ms)[0m   [0;1mSET SQL_AUTO_IS_NULL=0[0m


Processing UsersController#new (for 127.0.0.1 at 2009-08-17 16:05:14) [GET]
  Parameters: {"action"=>"new", "controller"=>"users"}
  [4;35;1mUser Columns (0.9ms)[0m   [0mSHOW FIELDS FROM `users`[0m
Rendering template within layouts/application
Rendering users/new
Rendered users/_form (5.2ms)

ActionView::TemplateError (uninitialized constant ApplicationController::UserSession) on line #12 of app/views/layouts/application.html.erb:
9:   <body>
10:     <div id="container">
11:       <div id="user_nav">
12:         <% if current_user %>
13:           <%= link_to "Edit Profile", edit_user_path(:current) %> |
14:           <%= link_to "Logout", logout_path %>
15:         <% else %>

    app/controllers/application_controller.rb:15:in `current_user_session'
    app/controllers/application_controller.rb:20:in `current_user'
    (eval):2:in `send'
    (eval):2:in `current_user'
    app/views/layouts/application.html.erb:12

Rendered rescues/_trace (55.7ms)
Rendered rescues/_request_and_response (0.3ms)
Rendering rescues/layout (internal_server_error)
  [4;36;1mSQL (0.1ms)[0m   [0;1mSET NAMES 'utf8'[0m
  [4;35;1mSQL (0.1ms)[0m   [0mSET SQL_AUTO_IS_NULL=0[0m


Processing UsersController#new (for 127.0.0.1 at 2009-08-17 16:05:14) [GET]
  Parameters: {"action"=>"new", "controller"=>"users"}
  [4;36;1mUser Columns (0.9ms)[0m   [0;1mSHOW FIELDS FROM `users`[0m
Rendering template within layouts/application
Rendering users/new
Rendered users/_form (5.2ms)

ActionView::TemplateError (uninitialized constant ApplicationController::UserSession) on line #12 of app/views/layouts/application.html.erb:
9:   <body>
10:     <div id="container">
11:       <div id="user_nav">
12:         <% if current_user %>
13:           <%= link_to "Edit Profile", edit_user_path(:current) %> |
14:           <%= link_to "Logout", logout_path %>
15:         <% else %>

    app/controllers/application_controller.rb:15:in `current_user_session'
    app/controllers/application_controller.rb:20:in `current_user'
    (eval):2:in `send'
    (eval):2:in `current_user'
    app/views/layouts/application.html.erb:12

Rendered rescues/_trace (46.7ms)
Rendered rescues/_request_and_response (0.3ms)
Rendering rescues/layout (internal_server_error)
  [4;35;1mSQL (0.1ms)[0m   [0mSET NAMES 'utf8'[0m
  [4;36;1mSQL (0.1ms)[0m   [0;1mSET SQL_AUTO_IS_NULL=0[0m


Processing UsersController#new (for 127.0.0.1 at 2009-08-17 16:05:20) [GET]
  Parameters: {"action"=>"new", "controller"=>"users"}
  [4;35;1mUser Columns (0.9ms)[0m   [0mSHOW FIELDS FROM `users`[0m
Rendering template within layouts/application
Rendering users/new
Rendered users/_form (5.0ms)

ActionView::TemplateError (uninitialized constant ApplicationController::UserSession) on line #12 of app/views/layouts/application.html.erb:
9:   <body>
10:     <div id="container">
11:       <div id="user_nav">
12:         <% if current_user %>
13:           <%= link_to "Edit Profile", edit_user_path(:current) %> |
14:           <%= link_to "Logout", logout_path %>
15:         <% else %>

    app/controllers/application_controller.rb:15:in `current_user_session'
    app/controllers/application_controller.rb:20:in `current_user'
    (eval):2:in `send'
    (eval):2:in `current_user'
    app/views/layouts/application.html.erb:12

Rendered rescues/_trace (55.8ms)
Rendered rescues/_request_and_response (0.3ms)
Rendering rescues/layout (internal_server_error)
  [4;36;1mSQL (0.1ms)[0m   [0;1mSET NAMES 'utf8'[0m
  [4;35;1mSQL (0.1ms)[0m   [0mSET SQL_AUTO_IS_NULL=0[0m


Processing UsersController#new (for 127.0.0.1 at 2009-08-17 16:16:02) [GET]
  Parameters: {"action"=>"new", "controller"=>"users"}
  [4;36;1mUser Columns (23.3ms)[0m   [0;1mSHOW FIELDS FROM `users`[0m
Rendering template within layouts/application
Rendering users/new
Rendered users/_form (4.5ms)

ActionView::TemplateError (uninitialized constant ApplicationController::UserSession) on line #12 of app/views/layouts/application.html.erb:
9:   <body>
10:     <div id="container">
11:       <div id="user_nav">
12:         <% if current_user %>
13:           <%= link_to "Edit Profile", edit_user_path(:current) %> |
14:           <%= link_to "Logout", logout_path %>
15:         <% else %>

    app/controllers/application_controller.rb:15:in `current_user_session'
    app/controllers/application_controller.rb:20:in `current_user'
    (eval):2:in `send'
    (eval):2:in `current_user'
    app/views/layouts/application.html.erb:12

Rendered rescues/_trace (46.7ms)
Rendered rescues/_request_and_response (0.3ms)
Rendering rescues/layout (internal_server_error)
  [4;35;1mSQL (0.1ms)[0m   [0mSET NAMES 'utf8'[0m
  [4;36;1mSQL (0.1ms)[0m   [0;1mSET SQL_AUTO_IS_NULL=0[0m


Processing UsersController#new (for 127.0.0.1 at 2009-08-17 16:17:55) [GET]
  Parameters: {"action"=>"new", "controller"=>"users"}
  [4;35;1mUser Columns (0.9ms)[0m   [0mSHOW FIELDS FROM `users`[0m
Rendering template within layouts/application
Rendering users/new
Rendered users/_form (4.9ms)

ActionView::TemplateError (uninitialized constant ApplicationController::UserSessions) on line #12 of app/views/layouts/application.html.erb:
9:   <body>
10:     <div id="container">
11:       <div id="user_nav">
12:         <% if current_user %>
13:           <%= link_to "Edit Profile", edit_user_path(:current) %> |
14:           <%= link_to "Logout", logout_path %>
15:         <% else %>

    app/controllers/application_controller.rb:15:in `current_user_session'
    app/controllers/application_controller.rb:20:in `current_user'
    (eval):2:in `send'
    (eval):2:in `current_user'
    app/views/layouts/application.html.erb:12

Rendered rescues/_trace (57.4ms)
Rendered rescues/_request_and_response (0.3ms)
Rendering rescues/layout (internal_server_error)
  [4;36;1mSQL (0.1ms)[0m   [0;1mSET NAMES 'utf8'[0m
  [4;35;1mSQL (0.1ms)[0m   [0mSET SQL_AUTO_IS_NULL=0[0m


Processing UsersController#new (for 127.0.0.1 at 2009-08-17 16:18:34) [GET]
  Parameters: {"action"=>"new", "controller"=>"users"}
  [4;36;1mUser Columns (0.9ms)[0m   [0;1mSHOW FIELDS FROM `users`[0m
Rendering template within layouts/application
Rendering users/new
Rendered users/_form (5.3ms)

ActionView::TemplateError (uninitialized constant ApplicationController::UserSession) on line #12 of app/views/layouts/application.html.erb:
9:   <body>
10:     <div id="container">
11:       <div id="user_nav">
12:         <% if current_user %>
13:           <%= link_to "Edit Profile", edit_user_path(:current) %> |
14:           <%= link_to "Logout", logout_path %>
15:         <% else %>

    app/controllers/application_controller.rb:15:in `current_user_session'
    app/controllers/application_controller.rb:20:in `current_user'
    (eval):2:in `send'
    (eval):2:in `current_user'
    app/views/layouts/application.html.erb:12

Rendered rescues/_trace (46.7ms)
Rendered rescues/_request_and_response (0.3ms)
Rendering rescues/layout (internal_server_error)
  [4;35;1mSQL (0.1ms)[0m   [0mSET NAMES 'utf8'[0m
  [4;36;1mSQL (0.1ms)[0m   [0;1mSET SQL_AUTO_IS_NULL=0[0m


Processing UsersController#new (for 127.0.0.1 at 2009-08-17 16:24:35) [GET]
  Parameters: {"action"=>"new", "controller"=>"users"}
  [4;35;1mUser Columns (0.9ms)[0m   [0mSHOW FIELDS FROM `users`[0m
Rendering template within layouts/application
Rendering users/new
Rendered users/_form (4.9ms)

ActionView::TemplateError (uninitialized constant ApplicationController::UserSessions) on line #12 of app/views/layouts/application.html.erb:
9:   <body>
10:     <div id="container">
11:       <div id="user_nav">
12:         <% if current_user %>
13:           <%= link_to "Edit Profile", edit_user_path(:current) %> |
14:           <%= link_to "Logout", logout_path %>
15:         <% else %>

    app/controllers/application_controller.rb:15:in `current_user_session'
    app/controllers/application_controller.rb:20:in `current_user'
    (eval):2:in `send'
    (eval):2:in `current_user'
    app/views/layouts/application.html.erb:12

Rendered rescues/_trace (55.4ms)
Rendered rescues/_request_and_response (0.3ms)
Rendering rescues/layout (internal_server_error)
  [4;36;1mSQL (0.1ms)[0m   [0;1mSET NAMES 'utf8'[0m
  [4;35;1mSQL (0.1ms)[0m   [0mSET SQL_AUTO_IS_NULL=0[0m


Processing UsersController#new (for 127.0.0.1 at 2009-08-17 16:25:01) [GET]
  Parameters: {"action"=>"new", "controller"=>"users"}
  [4;36;1mUser Columns (0.9ms)[0m   [0;1mSHOW FIELDS FROM `users`[0m
Rendering template within layouts/application
Rendering users/new
Rendered users/_form (5.3ms)

ActionView::TemplateError (uninitialized constant ApplicationController::UserSession) on line #12 of app/views/layouts/application.html.erb:
9:   <body>
10:     <div id="container">
11:       <div id="user_nav">
12:         <% if current_user %>
13:           <%= link_to "Edit Profile", edit_user_path(:current) %> |
14:           <%= link_to "Logout", logout_path %>
15:         <% else %>

    app/controllers/application_controller.rb:15:in `current_user_session'
    app/controllers/application_controller.rb:20:in `current_user'
    (eval):2:in `send'
    (eval):2:in `current_user'
    app/views/layouts/application.html.erb:12

Rendered rescues/_trace (51.4ms)
Rendered rescues/_request_and_response (0.3ms)
Rendering rescues/layout (internal_server_error)
  [4;36;1mSQL (0.1ms)[0m   [0;1mSET NAMES 'utf8'[0m
  [4;35;1mSQL (0.0ms)[0m   [0mSET SQL_AUTO_IS_NULL=0[0m
  [4;36;1mSQL (45.9ms)[0m   [0;1mSHOW TABLES[0m
  [4;35;1mSQL (0.1ms)[0m   [0mSELECT version FROM schema_migrations[0m
Migrating to CreateUsers (20090817181612)
Migrating to UserSession (20090817183255)
  [4;36;1mSQL (60.9ms)[0m   [0;1mCREATE TABLE `sessions` (`id` int(11) DEFAULT NULL auto_increment PRIMARY KEY, `session_id` varchar(255) NOT NULL, `data` text, `created_at` datetime, `updated_at` datetime) ENGINE=InnoDB[0m
  [4;35;1mSQL (263.7ms)[0m   [0mCREATE INDEX `index_sessions_on_session_id` ON `sessions` (`session_id`)[0m
  [4;36;1mSQL (28.4ms)[0m   [0;1mCREATE INDEX `index_sessions_on_updated_at` ON `sessions` (`updated_at`)[0m
  [4;35;1mSQL (0.4ms)[0m   [0mINSERT INTO schema_migrations (version) VALUES ('20090817183255')[0m
  [4;36;1mSQL (25.6ms)[0m   [0;1mSHOW TABLES[0m
  [4;35;1mSQL (0.2ms)[0m   [0mSELECT version FROM schema_migrations[0m
  [4;36;1mSQL (0.3ms)[0m   [0;1mSHOW TABLES[0m
  [4;35;1mSQL (13.9ms)[0m   [0mSHOW FIELDS FROM `sessions`[0m
  [4;36;1mSQL (0.7ms)[0m   [0;1mdescribe `sessions`[0m
  [4;35;1mSQL (0.3ms)[0m   [0mSHOW KEYS FROM `sessions`[0m
  [4;36;1mSQL (0.8ms)[0m   [0;1mSHOW FIELDS FROM `users`[0m
  [4;35;1mSQL (0.7ms)[0m   [0mdescribe `users`[0m
  [4;36;1mSQL (0.2ms)[0m   [0;1mSHOW KEYS FROM `users`[0m
  [4;35;1mSQL (0.1ms)[0m   [0mSET NAMES 'utf8'[0m
  [4;36;1mSQL (0.1ms)[0m   [0;1mSET SQL_AUTO_IS_NULL=0[0m


Processing UsersController#new (for 127.0.0.1 at 2009-08-17 16:27:39) [GET]
  Parameters: {"action"=>"new", "controller"=>"users"}
  [4;35;1mUser Columns (0.8ms)[0m   [0mSHOW FIELDS FROM `users`[0m
Rendering template within layouts/application
Rendering users/new
Rendered users/_form (4.9ms)

ActionView::TemplateError (uninitialized constant ApplicationController::UserSession) on line #12 of app/views/layouts/application.html.erb:
9:   <body>
10:     <div id="container">
11:       <div id="user_nav">
12:         <% if current_user %>
13:           <%= link_to "Edit Profile", edit_user_path(:current) %> |
14:           <%= link_to "Logout", logout_path %>
15:         <% else %>

    app/controllers/application_controller.rb:15:in `current_user_session'
    app/controllers/application_controller.rb:20:in `current_user'
    (eval):2:in `send'
    (eval):2:in `current_user'
    app/views/layouts/application.html.erb:12

Rendered rescues/_trace (54.2ms)
Rendered rescues/_request_and_response (0.3ms)
Rendering rescues/layout (internal_server_error)
  [4;36;1mSQL (0.1ms)[0m   [0;1mSET NAMES 'utf8'[0m
  [4;35;1mSQL (0.2ms)[0m   [0mSET SQL_AUTO_IS_NULL=0[0m


Processing UsersController#new (for 127.0.0.1 at 2009-08-17 16:27:43) [GET]
  Parameters: {"action"=>"new", "controller"=>"users"}
  [4;36;1mUser Columns (0.9ms)[0m   [0;1mSHOW FIELDS FROM `users`[0m
Rendering template within layouts/application
Rendering users/new
Rendered users/_form (4.2ms)

ActionView::TemplateError (uninitialized constant ApplicationController::UserSession) on line #12 of app/views/layouts/application.html.erb:
9:   <body>
10:     <div id="container">
11:       <div id="user_nav">
12:         <% if current_user %>
13:           <%= link_to "Edit Profile", edit_user_path(:current) %> |
14:           <%= link_to "Logout", logout_path %>
15:         <% else %>

    app/controllers/application_controller.rb:15:in `current_user_session'
    app/controllers/application_controller.rb:20:in `current_user'
    (eval):2:in `send'
    (eval):2:in `current_user'
    app/views/layouts/application.html.erb:12

Rendered rescues/_trace (46.8ms)
Rendered rescues/_request_and_response (0.3ms)
Rendering rescues/layout (internal_server_error)
  [4;36;1mSQL (0.1ms)[0m   [0;1mSET NAMES 'utf8'[0m
  [4;35;1mSQL (0.1ms)[0m   [0mSET SQL_AUTO_IS_NULL=0[0m


Processing UsersController#new (for 127.0.0.1 at 2009-08-17 16:27:58) [GET]
  Parameters: {"action"=>"new", "controller"=>"users"}
  [4;36;1mUser Columns (0.9ms)[0m   [0;1mSHOW FIELDS FROM `users`[0m
Rendering template within layouts/application
Rendering users/new
Rendered users/_form (24.4ms)

ActionView::TemplateError (uninitialized constant ApplicationController::UserSession) on line #12 of app/views/layouts/application.html.erb:
9:   <body>
10:     <div id="container">
11:       <div id="user_nav">
12:         <% if current_user %>
13:           <%= link_to "Edit Profile", edit_user_path(:current) %> |
14:           <%= link_to "Logout", logout_path %>
15:         <% else %>

    app/controllers/application_controller.rb:15:in `current_user_session'
    app/controllers/application_controller.rb:20:in `current_user'
    (eval):2:in `send'
    (eval):2:in `current_user'
    app/views/layouts/application.html.erb:12

Rendered rescues/_trace (58.7ms)
Rendered rescues/_request_and_response (1.4ms)
Rendering rescues/layout (internal_server_error)
  [4;35;1mSQL (0.1ms)[0m   [0mSET NAMES 'utf8'[0m
  [4;36;1mSQL (0.1ms)[0m   [0;1mSET SQL_AUTO_IS_NULL=0[0m


Processing UsersController#new (for 127.0.0.1 at 2009-08-17 16:28:01) [GET]
  Parameters: {"action"=>"new", "controller"=>"users"}
  [4;35;1mUser Columns (0.9ms)[0m   [0mSHOW FIELDS FROM `users`[0m
Rendering template within layouts/application
Rendering users/new
Rendered users/_form (5.0ms)

ActionView::TemplateError (uninitialized constant ApplicationController::UserSession) on line #12 of app/views/layouts/application.html.erb:
9:   <body>
10:     <div id="container">
11:       <div id="user_nav">
12:         <% if current_user %>
13:           <%= link_to "Edit Profile", edit_user_path(:current) %> |
14:           <%= link_to "Logout", logout_path %>
15:         <% else %>

    app/controllers/application_controller.rb:15:in `current_user_session'
    app/controllers/application_controller.rb:20:in `current_user'
    (eval):2:in `send'
    (eval):2:in `current_user'
    app/views/layouts/application.html.erb:12

Rendered rescues/_trace (61.7ms)
Rendered rescues/_request_and_response (0.4ms)
Rendering rescues/layout (internal_server_error)
  [4;36;1mSQL (0.1ms)[0m   [0;1mSET NAMES 'utf8'[0m
  [4;35;1mSQL (0.2ms)[0m   [0mSET SQL_AUTO_IS_NULL=0[0m


Processing UsersController#new (for 127.0.0.1 at 2009-08-17 16:28:02) [GET]
  Parameters: {"action"=>"new", "controller"=>"users"}
  [4;36;1mUser Columns (1.1ms)[0m   [0;1mSHOW FIELDS FROM `users`[0m
Rendering template within layouts/application
Rendering users/new
Rendered users/_form (5.0ms)

ActionView::TemplateError (uninitialized constant ApplicationController::UserSession) on line #12 of app/views/layouts/application.html.erb:
9:   <body>
10:     <div id="container">
11:       <div id="user_nav">
12:         <% if current_user %>
13:           <%= link_to "Edit Profile", edit_user_path(:current) %> |
14:           <%= link_to "Logout", logout_path %>
15:         <% else %>

    app/controllers/application_controller.rb:15:in `current_user_session'
    app/controllers/application_controller.rb:20:in `current_user'
    (eval):2:in `send'
    (eval):2:in `current_user'
    app/views/layouts/application.html.erb:12

Rendered rescues/_trace (48.5ms)
Rendered rescues/_request_and_response (0.3ms)
Rendering rescues/layout (internal_server_error)
  [4;35;1mSQL (0.1ms)[0m   [0mSET NAMES 'utf8'[0m
  [4;36;1mSQL (0.1ms)[0m   [0;1mSET SQL_AUTO_IS_NULL=0[0m


Processing UsersController#new (for 127.0.0.1 at 2009-08-17 16:28:08) [GET]
  Parameters: {"action"=>"new", "controller"=>"users"}
  [4;35;1mUser Columns (1.2ms)[0m   [0mSHOW FIELDS FROM `users`[0m
Rendering template within layouts/application
Rendering users/new
Rendered users/_form (5.8ms)

ActionView::TemplateError (uninitialized constant ApplicationController::UserSession) on line #12 of app/views/layouts/application.html.erb:
9:   <body>
10:     <div id="container">
11:       <div id="user_nav">
12:         <% if current_user %>
13:           <%= link_to "Edit Profile", edit_user_path(:current) %> |
14:           <%= link_to "Logout", logout_path %>
15:         <% else %>

    app/controllers/application_controller.rb:15:in `current_user_session'
    app/controllers/application_controller.rb:20:in `current_user'
    (eval):2:in `send'
    (eval):2:in `current_user'
    app/views/layouts/application.html.erb:12

Rendered rescues/_trace (59.9ms)
Rendered rescues/_request_and_response (0.3ms)
Rendering rescues/layout (internal_server_error)
  [4;36;1mSQL (0.1ms)[0m   [0;1mSET NAMES 'utf8'[0m
  [4;35;1mSQL (0.1ms)[0m   [0mSET SQL_AUTO_IS_NULL=0[0m


Processing UsersController#new (for 127.0.0.1 at 2009-08-17 16:38:26) [GET]
  Parameters: {"action"=>"new", "controller"=>"users"}
  [4;36;1mUser Columns (37.5ms)[0m   [0;1mSHOW FIELDS FROM `users`[0m
Rendering template within layouts/application
Rendering users/new
Rendered users/_form (52.9ms)

ActionView::TemplateError (uninitialized constant ApplicationController::UserSession) on line #12 of app/views/layouts/application.html.erb:
9:   <body>
10:     <div id="container">
11:       <div id="user_nav">
12:         <% if current_user %>
13:           <%= link_to "Edit Profile", edit_user_path(:current) %> |
14:           <%= link_to "Logout", logout_path %>
15:         <% else %>

    app/controllers/application_controller.rb:15:in `current_user_session'
    app/controllers/application_controller.rb:20:in `current_user'
    (eval):2:in `send'
    (eval):2:in `current_user'
    app/views/layouts/application.html.erb:12

Rendered rescues/_trace (65.7ms)
Rendered rescues/_request_and_response (0.4ms)
Rendering rescues/layout (internal_server_error)
  [4;35;1mSQL (29.5ms)[0m   [0mSET NAMES 'utf8'[0m
  [4;36;1mSQL (2.8ms)[0m   [0;1mSET SQL_AUTO_IS_NULL=0[0m


Processing UsersController#new (for 127.0.0.1 at 2009-08-17 19:14:26) [GET]
  Parameters: {"action"=>"new", "controller"=>"users"}
  [4;35;1mUser Columns (43.0ms)[0m   [0mSHOW FIELDS FROM `users`[0m
Rendering template within layouts/application
Rendering users/new
Rendered users/_form (5.1ms)
Completed in 116ms (View: 38, DB: 75) | 200 OK [http://localhost/users/new]
  [4;36;1mSQL (0.1ms)[0m   [0;1mSET NAMES 'utf8'[0m
  [4;35;1mSQL (0.1ms)[0m   [0mSET SQL_AUTO_IS_NULL=0[0m


Processing UsersController#create (for 127.0.0.1 at 2009-08-17 19:18:11) [POST]
  Parameters: {"commit"=>"Submit", "action"=>"create", "authenticity_token"=>"vLANgw25q8WbkxYnMJCm0ciZzGWPZo/aA6TaCncgBdk=", "controller"=>"users", "user"=>{"password_confirmation"=>"[FILTERED]", "username"=>"Ricardo", "password"=>"[FILTERED]", "email"=>"ricardo@almeida.com"}}
  [4;36;1mUser Columns (0.8ms)[0m   [0;1mSHOW FIELDS FROM `users`[0m
WARNING: Can't mass-assign these protected attributes: password_confirmation
  [4;35;1mSQL (0.1ms)[0m   [0mBEGIN[0m
  [4;36;1mUser Exists (77.2ms)[0m   [0;1mSELECT `users`.id FROM `users` WHERE (LOWER(`users`.`email`) = BINARY 'ricardo@almeida.com') LIMIT 1[0m
  [4;35;1mUser Exists (0.2ms)[0m   [0mSELECT `users`.id FROM `users` WHERE (LOWER(`users`.`username`) = BINARY 'ricardo') LIMIT 1[0m
  [4;36;1mUser Exists (0.2ms)[0m   [0;1mSELECT `users`.id FROM `users` WHERE (`users`.`persistence_token` = BINARY 'cf03e2262e384314a45e2c29c59e4504c0b8df5f169ad8f8426b295fd4ee1b6245370364bb513be57c30beabf2b8b63aa64497a2d2b8769d55960b3dcacf3b52') LIMIT 1[0m
  [4;35;1mSQL (0.1ms)[0m   [0mROLLBACK[0m
Rendering template within layouts/application
Rendering users/new
Rendered users/_form (3.7ms)
Completed in 374ms (View: 11, DB: 79) | 200 OK [http://localhost/users]
  [4;36;1mSQL (0.1ms)[0m   [0;1mSET NAMES 'utf8'[0m
  [4;35;1mSQL (0.1ms)[0m   [0mSET SQL_AUTO_IS_NULL=0[0m


Processing UsersController#create (for 127.0.0.1 at 2009-08-17 19:18:48) [POST]
  Parameters: {"commit"=>"Submit", "action"=>"create", "authenticity_token"=>"vLANgw25q8WbkxYnMJCm0ciZzGWPZo/aA6TaCncgBdk=", "controller"=>"users", "user"=>{"password_confirmation"=>"[FILTERED]", "username"=>"Ricardo", "password"=>"[FILTERED]", "email"=>"ricardo@almeida.com"}}
  [4;36;1mUser Columns (0.9ms)[0m   [0;1mSHOW FIELDS FROM `users`[0m
WARNING: Can't mass-assign these protected attributes: password_confirmation
  [4;35;1mSQL (0.1ms)[0m   [0mBEGIN[0m
  [4;36;1mUser Exists (0.1ms)[0m   [0;1mSELECT `users`.id FROM `users` WHERE (LOWER(`users`.`email`) = BINARY 'ricardo@almeida.com') LIMIT 1[0m
  [4;35;1mUser Exists (0.1ms)[0m   [0mSELECT `users`.id FROM `users` WHERE (LOWER(`users`.`username`) = BINARY 'ricardo') LIMIT 1[0m
  [4;36;1mUser Exists (0.3ms)[0m   [0;1mSELECT `users`.id FROM `users` WHERE (`users`.`persistence_token` = BINARY '56d55aef971391024bb7778dbb6421b01ebb9514cdd61cb63953f1f5102a7af53dba24fa8afb841dc96fb6e90d883fcda532e890363ac242f3fb2956d3042b0f') LIMIT 1[0m
  [4;35;1mSQL (0.1ms)[0m   [0mROLLBACK[0m
Rendering template within layouts/application
Rendering users/new
Rendered users/_form (4.0ms)
Completed in 107ms (View: 13, DB: 2) | 200 OK [http://localhost/users]
  [4;36;1mSQL (0.1ms)[0m   [0;1mSET NAMES 'utf8'[0m
  [4;35;1mSQL (0.1ms)[0m   [0mSET SQL_AUTO_IS_NULL=0[0m


Processing UsersController#create (for 127.0.0.1 at 2009-08-17 19:19:03) [POST]
  Parameters: {"commit"=>"Submit", "action"=>"create", "authenticity_token"=>"vLANgw25q8WbkxYnMJCm0ciZzGWPZo/aA6TaCncgBdk=", "controller"=>"users", "user"=>{"password_confirmation"=>"[FILTERED]", "username"=>"Ricardo", "password"=>"[FILTERED]", "email"=>"ricardo@almeida.com"}}
  [4;36;1mUser Columns (1.0ms)[0m   [0;1mSHOW FIELDS FROM `users`[0m
WARNING: Can't mass-assign these protected attributes: password_confirmation
  [4;35;1mSQL (0.2ms)[0m   [0mBEGIN[0m
  [4;36;1mUser Exists (0.2ms)[0m   [0;1mSELECT `users`.id FROM `users` WHERE (LOWER(`users`.`email`) = BINARY 'ricardo@almeida.com') LIMIT 1[0m
  [4;35;1mUser Exists (0.2ms)[0m   [0mSELECT `users`.id FROM `users` WHERE (LOWER(`users`.`username`) = BINARY 'ricardo') LIMIT 1[0m
  [4;36;1mUser Exists (2.1ms)[0m   [0;1mSELECT `users`.id FROM `users` WHERE (`users`.`persistence_token` = BINARY '52f0692de21f951eeb390dbe4986edbca808fffbec5d4f3658b67eeb23ef4637626243d2aa9a14ec3c736dc3d692ddfd543e267b972d6c096dc108e96dadddd6') LIMIT 1[0m
  [4;35;1mSQL (2.5ms)[0m   [0mROLLBACK[0m
Rendering template within layouts/application
Rendering users/new
Rendered users/_form (3.6ms)
Completed in 56ms (View: 11, DB: 6) | 200 OK [http://localhost/users]
  [4;36;1mSQL (0.1ms)[0m   [0;1mSET NAMES 'utf8'[0m
  [4;35;1mSQL (0.1ms)[0m   [0mSET SQL_AUTO_IS_NULL=0[0m


Processing UsersController#create (for 127.0.0.1 at 2009-08-17 19:19:38) [POST]
  Parameters: {"commit"=>"Submit", "action"=>"create", "authenticity_token"=>"vLANgw25q8WbkxYnMJCm0ciZzGWPZo/aA6TaCncgBdk=", "controller"=>"users", "user"=>{"password_confirmation"=>"[FILTERED]", "username"=>"Ricardo", "password"=>"[FILTERED]", "email"=>"ricardo@almeida.com"}}
  [4;36;1mUser Columns (1.0ms)[0m   [0;1mSHOW FIELDS FROM `users`[0m
WARNING: Can't mass-assign these protected attributes: password_confirmation
  [4;35;1mSQL (0.3ms)[0m   [0mBEGIN[0m
  [4;36;1mUser Exists (0.1ms)[0m   [0;1mSELECT `users`.id FROM `users` WHERE (LOWER(`users`.`email`) = BINARY 'ricardo@almeida.com') LIMIT 1[0m
  [4;35;1mUser Exists (0.1ms)[0m   [0mSELECT `users`.id FROM `users` WHERE (LOWER(`users`.`username`) = BINARY 'ricardo') LIMIT 1[0m
  [4;36;1mUser Exists (0.4ms)[0m   [0;1mSELECT `users`.id FROM `users` WHERE (`users`.`persistence_token` = BINARY '5751f5d7c2b0ed79f97831a90679b3b37454358ff75282ab799fe0cf7ac2a1311fce6b772550828bb964509f70f7c23280dc3db4b7a8fe0e9213532546a2304d') LIMIT 1[0m
  [4;35;1mSQL (0.1ms)[0m   [0mROLLBACK[0m
Rendering template within layouts/application
Rendering users/new
Rendered users/_form (3.5ms)
Completed in 36ms (View: 11, DB: 2) | 200 OK [http://localhost/users]
  [4;36;1mSQL (0.1ms)[0m   [0;1mSET NAMES 'utf8'[0m
  [4;35;1mSQL (0.1ms)[0m   [0mSET SQL_AUTO_IS_NULL=0[0m


Processing UsersController#create (for 127.0.0.1 at 2009-08-17 19:19:49) [POST]
  Parameters: {"commit"=>"Submit", "action"=>"create", "authenticity_token"=>"vLANgw25q8WbkxYnMJCm0ciZzGWPZo/aA6TaCncgBdk=", "controller"=>"users", "user"=>{"password_confirmation"=>"[FILTERED]", "username"=>"Ricardo", "password"=>"[FILTERED]", "email"=>"ricardo@almeida.com"}}
  [4;36;1mUser Columns (0.9ms)[0m   [0;1mSHOW FIELDS FROM `users`[0m
WARNING: Can't mass-assign these protected attributes: password_confirmation
  [4;35;1mSQL (0.1ms)[0m   [0mBEGIN[0m
  [4;36;1mUser Exists (0.1ms)[0m   [0;1mSELECT `users`.id FROM `users` WHERE (LOWER(`users`.`email`) = BINARY 'ricardo@almeida.com') LIMIT 1[0m
  [4;35;1mUser Exists (0.1ms)[0m   [0mSELECT `users`.id FROM `users` WHERE (LOWER(`users`.`username`) = BINARY 'ricardo') LIMIT 1[0m
  [4;36;1mUser Exists (0.3ms)[0m   [0;1mSELECT `users`.id FROM `users` WHERE (`users`.`persistence_token` = BINARY '6e113bc1313e77059fcb2af5e8ae6192c0c8e400156043f3c3cbc5a81f405aca17ed260d74c6ec4d858113557d259718928f14fce57b6ef453964e83551cbc3c') LIMIT 1[0m
  [4;35;1mSQL (0.1ms)[0m   [0mROLLBACK[0m
Rendering template within layouts/application
Rendering users/new
Rendered users/_form (3.1ms)
Completed in 130ms (View: 10, DB: 2) | 200 OK [http://localhost/users]
  [4;36;1mSQL (0.1ms)[0m   [0;1mSET NAMES 'utf8'[0m
  [4;35;1mSQL (0.1ms)[0m   [0mSET SQL_AUTO_IS_NULL=0[0m


Processing UserSessionsController#new (for 127.0.0.1 at 2009-08-17 19:19:54) [GET]
  Parameters: {"action"=>"new", "controller"=>"user_sessions"}
  [4;36;1mUser Columns (0.9ms)[0m   [0;1mSHOW FIELDS FROM `users`[0m
Rendering template within layouts/application
Rendering user_sessions/new
Completed in 36ms (View: 17, DB: 1) | 200 OK [http://localhost/login]
  [4;35;1mSQL (0.1ms)[0m   [0mSET NAMES 'utf8'[0m
  [4;36;1mSQL (0.1ms)[0m   [0;1mSET SQL_AUTO_IS_NULL=0[0m


Processing UserSessionsController#create (for 127.0.0.1 at 2009-08-17 19:20:01) [POST]
  Parameters: {"commit"=>"Submit", "user_session"=>{"username"=>"ricardo", "password"=>"[FILTERED]"}, "action"=>"create", "authenticity_token"=>"vLANgw25q8WbkxYnMJCm0ciZzGWPZo/aA6TaCncgBdk=", "controller"=>"user_sessions"}
  [4;35;1mUser Columns (0.9ms)[0m   [0mSHOW FIELDS FROM `users`[0m
  [4;36;1mUser Load (0.4ms)[0m   [0;1mSELECT * FROM `users` WHERE (LOWER(`users`.username) = 'ricardo') LIMIT 1[0m
Rendering template within layouts/application
Rendering user_sessions/new
Completed in 25ms (View: 5, DB: 1) | 200 OK [http://localhost/user_sessions]
  [4;35;1mSQL (0.1ms)[0m   [0mSET NAMES 'utf8'[0m
  [4;36;1mSQL (0.1ms)[0m   [0;1mSET SQL_AUTO_IS_NULL=0[0m


Processing UsersController#new (for 127.0.0.1 at 2009-08-17 19:20:12) [GET]
  Parameters: {"action"=>"new", "controller"=>"users"}
  [4;35;1mUser Columns (0.9ms)[0m   [0mSHOW FIELDS FROM `users`[0m
Rendering template within layouts/application
Rendering users/new
Rendered users/_form (5.1ms)
Completed in 26ms (View: 12, DB: 1) | 200 OK [http://localhost/users/new]
  [4;36;1mSQL (0.1ms)[0m   [0;1mSET NAMES 'utf8'[0m
  [4;35;1mSQL (0.1ms)[0m   [0mSET SQL_AUTO_IS_NULL=0[0m


Processing UsersController#create (for 127.0.0.1 at 2009-08-17 19:20:25) [POST]
  Parameters: {"commit"=>"Submit", "action"=>"create", "authenticity_token"=>"vLANgw25q8WbkxYnMJCm0ciZzGWPZo/aA6TaCncgBdk=", "controller"=>"users", "user"=>{"password_confirmation"=>"[FILTERED]", "username"=>"Ricardo", "password"=>"[FILTERED]", "email"=>"ricardo@almeida.com"}}
  [4;36;1mUser Columns (0.9ms)[0m   [0;1mSHOW FIELDS FROM `users`[0m
WARNING: Can't mass-assign these protected attributes: password_confirmation
  [4;35;1mSQL (0.1ms)[0m   [0mBEGIN[0m
  [4;36;1mUser Exists (0.1ms)[0m   [0;1mSELECT `users`.id FROM `users` WHERE (LOWER(`users`.`email`) = BINARY 'ricardo@almeida.com') LIMIT 1[0m
  [4;35;1mUser Exists (0.1ms)[0m   [0mSELECT `users`.id FROM `users` WHERE (LOWER(`users`.`username`) = BINARY 'ricardo') LIMIT 1[0m
  [4;36;1mUser Exists (0.3ms)[0m   [0;1mSELECT `users`.id FROM `users` WHERE (`users`.`persistence_token` = BINARY '5121385ef5c857a570d5ee6db4ba3132b39d155b06ae5e56895b0e882860cb762dd0b98c77ba36dc72897fd9bb773b93756da411f15c5b03c60497f48854a151') LIMIT 1[0m
  [4;35;1mSQL (0.1ms)[0m   [0mROLLBACK[0m
Rendering template within layouts/application
Rendering users/new
Rendered users/_form (3.3ms)
Completed in 34ms (View: 10, DB: 2) | 200 OK [http://localhost/users]
  [4;36;1mSQL (0.1ms)[0m   [0;1mSET NAMES 'utf8'[0m
  [4;35;1mSQL (0.1ms)[0m   [0mSET SQL_AUTO_IS_NULL=0[0m


Processing UsersController#create (for 127.0.0.1 at 2009-08-17 19:20:51) [POST]
  Parameters: {"commit"=>"Submit", "action"=>"create", "authenticity_token"=>"vLANgw25q8WbkxYnMJCm0ciZzGWPZo/aA6TaCncgBdk=", "controller"=>"users", "user"=>{"password_confirmation"=>"[FILTERED]", "username"=>"Ricardo", "password"=>"[FILTERED]", "email"=>"ricardo@almeida.com"}}
  [4;36;1mUser Columns (0.9ms)[0m   [0;1mSHOW FIELDS FROM `users`[0m
WARNING: Can't mass-assign these protected attributes: password_confirmation
  [4;35;1mSQL (0.1ms)[0m   [0mBEGIN[0m
  [4;36;1mUser Exists (0.1ms)[0m   [0;1mSELECT `users`.id FROM `users` WHERE (LOWER(`users`.`email`) = BINARY 'ricardo@almeida.com') LIMIT 1[0m
  [4;35;1mUser Exists (0.1ms)[0m   [0mSELECT `users`.id FROM `users` WHERE (LOWER(`users`.`username`) = BINARY 'ricardo') LIMIT 1[0m
  [4;36;1mUser Exists (0.3ms)[0m   [0;1mSELECT `users`.id FROM `users` WHERE (`users`.`persistence_token` = BINARY '729bff8601c3a8bd11e14d502f314843f4534388388f8db8d3c87549ed927b52cb0bc842e985b122e375b9ae5a00b54c588e620d56cee2d721f50e7647300c1a') LIMIT 1[0m
  [4;35;1mSQL (0.1ms)[0m   [0mROLLBACK[0m
Rendering template within layouts/application
Rendering users/new
Rendered users/_form (3.4ms)
Completed in 34ms (View: 10, DB: 2) | 200 OK [http://localhost/users]
  [4;36;1mSQL (0.1ms)[0m   [0;1mSET NAMES 'utf8'[0m
  [4;35;1mSQL (0.1ms)[0m   [0mSET SQL_AUTO_IS_NULL=0[0m
  [4;36;1mUser Columns (1.4ms)[0m   [0;1mSHOW FIELDS FROM `users`[0m
  [4;35;1mSQL (52.1ms)[0m   [0mSHOW TABLES[0m
  [4;36;1mSQL (16.1ms)[0m   [0;1mSET NAMES 'utf8'[0m
  [4;35;1mSQL (0.1ms)[0m   [0mSET SQL_AUTO_IS_NULL=0[0m


Processing UsersController#new (for 127.0.0.1 at 2009-08-17 19:22:22) [GET]
  Parameters: {"action"=>"new", "controller"=>"users"}
  [4;36;1mUser Columns (22.3ms)[0m   [0;1mSHOW FIELDS FROM `users`[0m
Rendering template within layouts/application
Rendering users/new
Rendered users/_form (5.4ms)
Completed in 134ms (View: 12, DB: 38) | 200 OK [http://localhost/users/new]
  [4;35;1mSQL (0.1ms)[0m   [0mSET NAMES 'utf8'[0m
  [4;36;1mSQL (0.1ms)[0m   [0;1mSET SQL_AUTO_IS_NULL=0[0m


Processing UsersController#create (for 127.0.0.1 at 2009-08-17 19:22:38) [POST]
  Parameters: {"commit"=>"Submit", "action"=>"create", "authenticity_token"=>"vLANgw25q8WbkxYnMJCm0ciZzGWPZo/aA6TaCncgBdk=", "controller"=>"users", "user"=>{"password_confirmation"=>"[FILTERED]", "username"=>"Ricardo", "password"=>"[FILTERED]", "email"=>"ricardo@almeida.com"}}
  [4;35;1mUser Columns (0.9ms)[0m   [0mSHOW FIELDS FROM `users`[0m
  [4;36;1mSQL (0.1ms)[0m   [0;1mBEGIN[0m
  [4;35;1mUser Exists (0.1ms)[0m   [0mSELECT `users`.id FROM `users` WHERE (LOWER(`users`.`email`) = BINARY 'ricardo@almeida.com') LIMIT 1[0m
  [4;36;1mUser Exists (0.1ms)[0m   [0;1mSELECT `users`.id FROM `users` WHERE (LOWER(`users`.`username`) = BINARY 'ricardo') LIMIT 1[0m
  [4;35;1mUser Exists (0.3ms)[0m   [0mSELECT `users`.id FROM `users` WHERE (`users`.`persistence_token` = BINARY '8a839499704bfa144ffa5ef20a6877ce561f0996e0893c3fdc3f3401ad19d454463633ab16043a9e5f31556a1f542b8635c926dc91f2273f17354ddbf4de2674') LIMIT 1[0m
  [4;36;1mUser Create (14.3ms)[0m   [0;1mINSERT INTO `users` (`created_at`, `crypted_password`, `updated_at`, `username`, `password_salt`, `persistence_token`, `email`) VALUES('2009-08-17 22:22:38', '75d43646a5b9fb04728c894ff5607be50a8940cf6f2d274e2e08219206c05f9bae863c0d07b01f22e96eaf82e7df8ff97d7709d946e3fd8be5efc7896cb29ce5', '2009-08-17 22:22:38', 'Ricardo', '68PrJLyJsACDy5c-ujX-', '8a839499704bfa144ffa5ef20a6877ce561f0996e0893c3fdc3f3401ad19d454463633ab16043a9e5f31556a1f542b8635c926dc91f2273f17354ddbf4de2674', 'ricardo@almeida.com')[0m
  [4;35;1mSQL (43.4ms)[0m   [0mCOMMIT[0m

NameError (undefined local variable or method `root_url' for #<UsersController:0xb67321a0>):
  app/controllers/users_controller.rb:10:in `create'

Rendered rescues/_trace (44.7ms)
Rendered rescues/_request_and_response (0.6ms)
Rendering rescues/layout (internal_server_error)
/!\ FAILSAFE /!\  Mon Aug 17 19:23:53 -0300 2009
  Status: 500 Internal Server Error
  undefined method `[]' for :users:Symbol
    /var/lib/gems/1.8/gems/actionpack-2.3.2/lib/action_controller/routing/builder.rb:159:in `build'
    /var/lib/gems/1.8/gems/actionpack-2.3.2/lib/action_controller/routing/route_set.rb:308:in `add_route'
    /var/lib/gems/1.8/gems/actionpack-2.3.2/lib/action_controller/routing/route_set.rb:316:in `add_named_route'
    /var/lib/gems/1.8/gems/actionpack-2.3.2/lib/action_controller/routing/route_set.rb:57:in `method_missing'
    /home/ricardoalmeida/Documentos/projects/orkut/config/routes.rb:8
    /var/lib/gems/1.8/gems/actionpack-2.3.2/lib/action_controller/routing/route_set.rb:226:in `draw'
    /home/ricardoalmeida/Documentos/projects/orkut/config/routes.rb:1
    /var/lib/gems/1.8/gems/activesupport-2.3.2/lib/active_support/dependencies.rb:145:in `load_without_new_constant_marking'
    /var/lib/gems/1.8/gems/activesupport-2.3.2/lib/active_support/dependencies.rb:145:in `load'
    /var/lib/gems/1.8/gems/activesupport-2.3.2/lib/active_support/dependencies.rb:521:in `new_constants_in'
    /var/lib/gems/1.8/gems/activesupport-2.3.2/lib/active_support/dependencies.rb:145:in `load'
    /var/lib/gems/1.8/gems/actionpack-2.3.2/lib/action_controller/routing/route_set.rb:286:in `load_routes!'
    /var/lib/gems/1.8/gems/actionpack-2.3.2/lib/action_controller/routing/route_set.rb:286:in `each'
    /var/lib/gems/1.8/gems/actionpack-2.3.2/lib/action_controller/routing/route_set.rb:286:in `load_routes!'
    /var/lib/gems/1.8/gems/actionpack-2.3.2/lib/action_controller/routing/route_set.rb:266:in `load!'
    /var/lib/gems/1.8/gems/actionpack-2.3.2/lib/action_controller/routing/route_set.rb:281:in `reload'
    /var/lib/gems/1.8/gems/actionpack-2.3.2/lib/action_controller/dispatcher.rb:59:in `reload_application'
    /var/lib/gems/1.8/gems/actionpack-2.3.2/lib/action_controller/reloader.rb:8:in `call'
    /var/lib/gems/1.8/gems/actionpack-2.3.2/lib/action_controller/failsafe.rb:11:in `call'
    /var/lib/gems/1.8/gems/rack-1.0.0/lib/rack/lock.rb:11:in `call'
    /var/lib/gems/1.8/gems/rack-1.0.0/lib/rack/lock.rb:11:in `synchronize'
    /var/lib/gems/1.8/gems/rack-1.0.0/lib/rack/lock.rb:11:in `call'
    /var/lib/gems/1.8/gems/actionpack-2.3.2/lib/action_controller/dispatcher.rb:106:in `call'
    /var/lib/gems/1.8/gems/rails-2.3.2/lib/rails/rack/static.rb:31:in `call'
    /var/lib/gems/1.8/gems/rack-1.0.0/lib/rack/urlmap.rb:46:in `call'
    /var/lib/gems/1.8/gems/rack-1.0.0/lib/rack/urlmap.rb:40:in `each'
    /var/lib/gems/1.8/gems/rack-1.0.0/lib/rack/urlmap.rb:40:in `call'
    /var/lib/gems/1.8/gems/rails-2.3.2/lib/rails/rack/log_tailer.rb:17:in `call'
    /var/lib/gems/1.8/gems/rack-1.0.0/lib/rack/content_length.rb:13:in `call'
    /var/lib/gems/1.8/gems/rack-1.0.0/lib/rack/chunked.rb:15:in `call'
    /var/lib/gems/1.8/gems/rack-1.0.0/lib/rack/handler/mongrel.rb:61:in `process'
    /var/lib/gems/1.8/gems/mongrel-1.1.5/lib/mongrel.rb:159:in `process_client'
    /var/lib/gems/1.8/gems/mongrel-1.1.5/lib/mongrel.rb:158:in `each'
    /var/lib/gems/1.8/gems/mongrel-1.1.5/lib/mongrel.rb:158:in `process_client'
    /var/lib/gems/1.8/gems/mongrel-1.1.5/lib/mongrel.rb:285:in `run'
    /var/lib/gems/1.8/gems/mongrel-1.1.5/lib/mongrel.rb:285:in `initialize'
    /var/lib/gems/1.8/gems/mongrel-1.1.5/lib/mongrel.rb:285:in `new'
    /var/lib/gems/1.8/gems/mongrel-1.1.5/lib/mongrel.rb:285:in `run'
    /var/lib/gems/1.8/gems/mongrel-1.1.5/lib/mongrel.rb:268:in `initialize'
    /var/lib/gems/1.8/gems/mongrel-1.1.5/lib/mongrel.rb:268:in `new'
    /var/lib/gems/1.8/gems/mongrel-1.1.5/lib/mongrel.rb:268:in `run'
    /var/lib/gems/1.8/gems/rack-1.0.0/lib/rack/handler/mongrel.rb:34:in `run'
    /var/lib/gems/1.8/gems/rails-2.3.2/lib/commands/server.rb:111
    /usr/local/lib/site_ruby/1.8/rubygems/custom_require.rb:31:in `gem_original_require'
    /usr/local/lib/site_ruby/1.8/rubygems/custom_require.rb:31:in `require'
    script/server:3
/!\ FAILSAFE /!\  Mon Aug 17 19:24:55 -0300 2009
  Status: 500 Internal Server Error
  undefined method `[]' for :users:Symbol
    /var/lib/gems/1.8/gems/actionpack-2.3.2/lib/action_controller/routing/builder.rb:159:in `build'
    /var/lib/gems/1.8/gems/actionpack-2.3.2/lib/action_controller/routing/route_set.rb:308:in `add_route'
    /var/lib/gems/1.8/gems/actionpack-2.3.2/lib/action_controller/routing/route_set.rb:316:in `add_named_route'
    /var/lib/gems/1.8/gems/actionpack-2.3.2/lib/action_controller/routing/route_set.rb:57:in `method_missing'
    /home/ricardoalmeida/Documentos/projects/orkut/config/routes.rb:8
    /var/lib/gems/1.8/gems/actionpack-2.3.2/lib/action_controller/routing/route_set.rb:226:in `draw'
    /home/ricardoalmeida/Documentos/projects/orkut/config/routes.rb:1
    /var/lib/gems/1.8/gems/activesupport-2.3.2/lib/active_support/dependencies.rb:145:in `load_without_new_constant_marking'
    /var/lib/gems/1.8/gems/activesupport-2.3.2/lib/active_support/dependencies.rb:145:in `load'
    /var/lib/gems/1.8/gems/activesupport-2.3.2/lib/active_support/dependencies.rb:521:in `new_constants_in'
    /var/lib/gems/1.8/gems/activesupport-2.3.2/lib/active_support/dependencies.rb:145:in `load'
    /var/lib/gems/1.8/gems/actionpack-2.3.2/lib/action_controller/routing/route_set.rb:286:in `load_routes!'
    /var/lib/gems/1.8/gems/actionpack-2.3.2/lib/action_controller/routing/route_set.rb:286:in `each'
    /var/lib/gems/1.8/gems/actionpack-2.3.2/lib/action_controller/routing/route_set.rb:286:in `load_routes!'
    /var/lib/gems/1.8/gems/actionpack-2.3.2/lib/action_controller/routing/route_set.rb:266:in `load!'
    /var/lib/gems/1.8/gems/actionpack-2.3.2/lib/action_controller/routing/route_set.rb:281:in `reload'
    /var/lib/gems/1.8/gems/actionpack-2.3.2/lib/action_controller/dispatcher.rb:59:in `reload_application'
    /var/lib/gems/1.8/gems/actionpack-2.3.2/lib/action_controller/reloader.rb:8:in `call'
    /var/lib/gems/1.8/gems/actionpack-2.3.2/lib/action_controller/failsafe.rb:11:in `call'
    /var/lib/gems/1.8/gems/rack-1.0.0/lib/rack/lock.rb:11:in `call'
    /var/lib/gems/1.8/gems/rack-1.0.0/lib/rack/lock.rb:11:in `synchronize'
    /var/lib/gems/1.8/gems/rack-1.0.0/lib/rack/lock.rb:11:in `call'
    /var/lib/gems/1.8/gems/actionpack-2.3.2/lib/action_controller/dispatcher.rb:106:in `call'
    /var/lib/gems/1.8/gems/rails-2.3.2/lib/rails/rack/static.rb:31:in `call'
    /var/lib/gems/1.8/gems/rack-1.0.0/lib/rack/urlmap.rb:46:in `call'
    /var/lib/gems/1.8/gems/rack-1.0.0/lib/rack/urlmap.rb:40:in `each'
    /var/lib/gems/1.8/gems/rack-1.0.0/lib/rack/urlmap.rb:40:in `call'
    /var/lib/gems/1.8/gems/rails-2.3.2/lib/rails/rack/log_tailer.rb:17:in `call'
    /var/lib/gems/1.8/gems/rack-1.0.0/lib/rack/content_length.rb:13:in `call'
    /var/lib/gems/1.8/gems/rack-1.0.0/lib/rack/chunked.rb:15:in `call'
    /var/lib/gems/1.8/gems/rack-1.0.0/lib/rack/handler/mongrel.rb:61:in `process'
    /var/lib/gems/1.8/gems/mongrel-1.1.5/lib/mongrel.rb:159:in `process_client'
    /var/lib/gems/1.8/gems/mongrel-1.1.5/lib/mongrel.rb:158:in `each'
    /var/lib/gems/1.8/gems/mongrel-1.1.5/lib/mongrel.rb:158:in `process_client'
    /var/lib/gems/1.8/gems/mongrel-1.1.5/lib/mongrel.rb:285:in `run'
    /var/lib/gems/1.8/gems/mongrel-1.1.5/lib/mongrel.rb:285:in `initialize'
    /var/lib/gems/1.8/gems/mongrel-1.1.5/lib/mongrel.rb:285:in `new'
    /var/lib/gems/1.8/gems/mongrel-1.1.5/lib/mongrel.rb:285:in `run'
    /var/lib/gems/1.8/gems/mongrel-1.1.5/lib/mongrel.rb:268:in `initialize'
    /var/lib/gems/1.8/gems/mongrel-1.1.5/lib/mongrel.rb:268:in `new'
    /var/lib/gems/1.8/gems/mongrel-1.1.5/lib/mongrel.rb:268:in `run'
    /var/lib/gems/1.8/gems/rack-1.0.0/lib/rack/handler/mongrel.rb:34:in `run'
    /var/lib/gems/1.8/gems/rails-2.3.2/lib/commands/server.rb:111
    /usr/local/lib/site_ruby/1.8/rubygems/custom_require.rb:31:in `gem_original_require'
    /usr/local/lib/site_ruby/1.8/rubygems/custom_require.rb:31:in `require'
    script/server:3
/!\ FAILSAFE /!\  Mon Aug 17 19:26:04 -0300 2009
  Status: 500 Internal Server Error
  /home/ricardoalmeida/Documentos/projects/orkut/config/routes.rb:8: syntax error, unexpected ':', expecting kEND
  map.url_root :users :controller => "edit"
                       ^
    /var/lib/gems/1.8/gems/activesupport-2.3.2/lib/active_support/dependencies.rb:145:in `load_without_new_constant_marking'
    /var/lib/gems/1.8/gems/activesupport-2.3.2/lib/active_support/dependencies.rb:145:in `load'
    /var/lib/gems/1.8/gems/activesupport-2.3.2/lib/active_support/dependencies.rb:521:in `new_constants_in'
    /var/lib/gems/1.8/gems/activesupport-2.3.2/lib/active_support/dependencies.rb:145:in `load'
    /var/lib/gems/1.8/gems/actionpack-2.3.2/lib/action_controller/routing/route_set.rb:286:in `load_routes!'
    /var/lib/gems/1.8/gems/actionpack-2.3.2/lib/action_controller/routing/route_set.rb:286:in `each'
    /var/lib/gems/1.8/gems/actionpack-2.3.2/lib/action_controller/routing/route_set.rb:286:in `load_routes!'
    /var/lib/gems/1.8/gems/actionpack-2.3.2/lib/action_controller/routing/route_set.rb:266:in `load!'
    /var/lib/gems/1.8/gems/actionpack-2.3.2/lib/action_controller/routing/route_set.rb:281:in `reload'
    /var/lib/gems/1.8/gems/actionpack-2.3.2/lib/action_controller/dispatcher.rb:59:in `reload_application'
    /var/lib/gems/1.8/gems/actionpack-2.3.2/lib/action_controller/reloader.rb:8:in `call'
    /var/lib/gems/1.8/gems/actionpack-2.3.2/lib/action_controller/failsafe.rb:11:in `call'
    /var/lib/gems/1.8/gems/rack-1.0.0/lib/rack/lock.rb:11:in `call'
    /var/lib/gems/1.8/gems/rack-1.0.0/lib/rack/lock.rb:11:in `synchronize'
    /var/lib/gems/1.8/gems/rack-1.0.0/lib/rack/lock.rb:11:in `call'
    /var/lib/gems/1.8/gems/actionpack-2.3.2/lib/action_controller/dispatcher.rb:106:in `call'
    /var/lib/gems/1.8/gems/rails-2.3.2/lib/rails/rack/static.rb:31:in `call'
    /var/lib/gems/1.8/gems/rack-1.0.0/lib/rack/urlmap.rb:46:in `call'
    /var/lib/gems/1.8/gems/rack-1.0.0/lib/rack/urlmap.rb:40:in `each'
    /var/lib/gems/1.8/gems/rack-1.0.0/lib/rack/urlmap.rb:40:in `call'
    /var/lib/gems/1.8/gems/rails-2.3.2/lib/rails/rack/log_tailer.rb:17:in `call'
    /var/lib/gems/1.8/gems/rack-1.0.0/lib/rack/content_length.rb:13:in `call'
    /var/lib/gems/1.8/gems/rack-1.0.0/lib/rack/chunked.rb:15:in `call'
    /var/lib/gems/1.8/gems/rack-1.0.0/lib/rack/handler/mongrel.rb:61:in `process'
    /var/lib/gems/1.8/gems/mongrel-1.1.5/lib/mongrel.rb:159:in `process_client'
    /var/lib/gems/1.8/gems/mongrel-1.1.5/lib/mongrel.rb:158:in `each'
    /var/lib/gems/1.8/gems/mongrel-1.1.5/lib/mongrel.rb:158:in `process_client'
    /var/lib/gems/1.8/gems/mongrel-1.1.5/lib/mongrel.rb:285:in `run'
    /var/lib/gems/1.8/gems/mongrel-1.1.5/lib/mongrel.rb:285:in `initialize'
    /var/lib/gems/1.8/gems/mongrel-1.1.5/lib/mongrel.rb:285:in `new'
    /var/lib/gems/1.8/gems/mongrel-1.1.5/lib/mongrel.rb:285:in `run'
    /var/lib/gems/1.8/gems/mongrel-1.1.5/lib/mongrel.rb:268:in `initialize'
    /var/lib/gems/1.8/gems/mongrel-1.1.5/lib/mongrel.rb:268:in `new'
    /var/lib/gems/1.8/gems/mongrel-1.1.5/lib/mongrel.rb:268:in `run'
    /var/lib/gems/1.8/gems/rack-1.0.0/lib/rack/handler/mongrel.rb:34:in `run'
    /var/lib/gems/1.8/gems/rails-2.3.2/lib/commands/server.rb:111
    /usr/local/lib/site_ruby/1.8/rubygems/custom_require.rb:31:in `gem_original_require'
    /usr/local/lib/site_ruby/1.8/rubygems/custom_require.rb:31:in `require'
    script/server:3
  [4;36;1mSQL (0.1ms)[0m   [0;1mSET NAMES 'utf8'[0m
  [4;35;1mSQL (0.1ms)[0m   [0mSET SQL_AUTO_IS_NULL=0[0m


Processing ApplicationController#index (for 127.0.0.1 at 2009-08-17 19:26:19) [GET]

ActionController::RoutingError (No route matches "/users/new" with {:method=>:get}):
  

Rendering rescues/layout (not_found)
  [4;36;1mSQL (0.1ms)[0m   [0;1mSET NAMES 'utf8'[0m
  [4;35;1mSQL (0.1ms)[0m   [0mSET SQL_AUTO_IS_NULL=0[0m


Processing ApplicationController#index (for 127.0.0.1 at 2009-08-17 19:26:34) [GET]

ActionController::RoutingError (No route matches "/users/new" with {:method=>:get}):
  

Rendering rescues/layout (not_found)
  [4;36;1mSQL (0.1ms)[0m   [0;1mSET NAMES 'utf8'[0m
  [4;35;1mSQL (0.1ms)[0m   [0mSET SQL_AUTO_IS_NULL=0[0m


Processing UsersController#new (for 127.0.0.1 at 2009-08-17 19:28:46) [GET]
  Parameters: {"action"=>"new", "controller"=>"users"}
  [4;36;1mUser Columns (0.8ms)[0m   [0;1mSHOW FIELDS FROM `users`[0m
Rendering template within layouts/application
Rendering users/new
Rendered users/_form (6.2ms)
  [4;35;1mUser Load (1.6ms)[0m   [0mSELECT * FROM `users` WHERE (`users`.`persistence_token` = '8a839499704bfa144ffa5ef20a6877ce561f0996e0893c3fdc3f3401ad19d454463633ab16043a9e5f31556a1f542b8635c926dc91f2273f17354ddbf4de2674') LIMIT 1[0m
Completed in 68ms (View: 54, DB: 3) | 200 OK [http://localhost/users/new]
  [4;36;1mSQL (0.1ms)[0m   [0;1mSET NAMES 'utf8'[0m
  [4;35;1mSQL (0.1ms)[0m   [0mSET SQL_AUTO_IS_NULL=0[0m


Processing UsersController#edit (for 127.0.0.1 at 2009-08-17 19:28:55) [GET]
  Parameters: {"action"=>"edit", "id"=>"current", "controller"=>"users"}
  [4;36;1mUser Columns (0.8ms)[0m   [0;1mSHOW FIELDS FROM `users`[0m
  [4;35;1mUser Load (0.1ms)[0m   [0mSELECT * FROM `users` WHERE (`users`.`persistence_token` = '8a839499704bfa144ffa5ef20a6877ce561f0996e0893c3fdc3f3401ad19d454463633ab16043a9e5f31556a1f542b8635c926dc91f2273f17354ddbf4de2674') LIMIT 1[0m
Rendering template within layouts/application
Rendering users/edit
Rendered users/_form (3.1ms)
Completed in 106ms (View: 27, DB: 1) | 200 OK [http://localhost/users/current/edit]
  [4;36;1mSQL (0.1ms)[0m   [0;1mSET NAMES 'utf8'[0m
  [4;35;1mSQL (0.1ms)[0m   [0mSET SQL_AUTO_IS_NULL=0[0m


Processing UserSessionsController#destroy (for 127.0.0.1 at 2009-08-17 19:29:02) [GET]
  Parameters: {"action"=>"destroy", "controller"=>"user_sessions"}
  [4;36;1mUser Columns (0.9ms)[0m   [0;1mSHOW FIELDS FROM `users`[0m
  [4;35;1mUser Load (0.1ms)[0m   [0mSELECT * FROM `users` WHERE (`users`.`persistence_token` = '8a839499704bfa144ffa5ef20a6877ce561f0996e0893c3fdc3f3401ad19d454463633ab16043a9e5f31556a1f542b8635c926dc91f2273f17354ddbf4de2674') LIMIT 1[0m
Redirected to http://localhost:3002/
Completed in 25ms (DB: 1) | 302 Found [http://localhost/logout]
  [4;36;1mSQL (0.1ms)[0m   [0;1mSET NAMES 'utf8'[0m
  [4;35;1mSQL (0.1ms)[0m   [0mSET SQL_AUTO_IS_NULL=0[0m


Processing UsersController#new (for 127.0.0.1 at 2009-08-17 19:30:11) [GET]
  Parameters: {"action"=>"new", "controller"=>"users"}
  [4;36;1mUser Columns (1.2ms)[0m   [0;1mSHOW FIELDS FROM `users`[0m
Rendering template within layouts/application
Rendering users/new
Rendered users/_form (5.7ms)
Completed in 31ms (View: 13, DB: 1) | 200 OK [http://localhost/users/new]
  [4;35;1mSQL (0.1ms)[0m   [0mSET NAMES 'utf8'[0m
  [4;36;1mSQL (0.1ms)[0m   [0;1mSET SQL_AUTO_IS_NULL=0[0m


Processing UsersController#new (for 127.0.0.1 at 2009-08-17 19:30:15) [GET]
  Parameters: {"action"=>"new", "controller"=>"users"}
  [4;35;1mUser Columns (0.8ms)[0m   [0mSHOW FIELDS FROM `users`[0m
Rendering template within layouts/application
Rendering users/new
Rendered users/_form (5.1ms)
Completed in 27ms (View: 12, DB: 1) | 200 OK [http://localhost/users/new]
  [4;36;1mSQL (0.1ms)[0m   [0;1mSET NAMES 'utf8'[0m
  [4;35;1mSQL (0.1ms)[0m   [0mSET SQL_AUTO_IS_NULL=0[0m


Processing UserSessionsController#new (for 127.0.0.1 at 2009-08-17 19:30:18) [GET]
  Parameters: {"action"=>"new", "controller"=>"user_sessions"}
  [4;36;1mUser Columns (0.9ms)[0m   [0;1mSHOW FIELDS FROM `users`[0m
Rendering template within layouts/application
Rendering user_sessions/new
Completed in 24ms (View: 7, DB: 1) | 200 OK [http://localhost/login]
  [4;35;1mSQL (0.1ms)[0m   [0mSET NAMES 'utf8'[0m
  [4;36;1mSQL (0.1ms)[0m   [0;1mSET SQL_AUTO_IS_NULL=0[0m


Processing UserSessionsController#create (for 127.0.0.1 at 2009-08-17 19:30:26) [POST]
  Parameters: {"commit"=>"Submit", "user_session"=>{"username"=>"Ricardo", "password"=>"[FILTERED]"}, "action"=>"create", "authenticity_token"=>"vLANgw25q8WbkxYnMJCm0ciZzGWPZo/aA6TaCncgBdk=", "controller"=>"user_sessions"}
  [4;35;1mUser Columns (0.9ms)[0m   [0mSHOW FIELDS FROM `users`[0m
  [4;36;1mUser Load (0.4ms)[0m   [0;1mSELECT * FROM `users` WHERE (LOWER(`users`.username) = 'ricardo') LIMIT 1[0m
Redirected to http://localhost:3002/
Completed in 29ms (DB: 2) | 302 Found [http://localhost/user_sessions]
  [4;35;1mSQL (0.1ms)[0m   [0mSET NAMES 'utf8'[0m
  [4;36;1mSQL (0.1ms)[0m   [0;1mSET SQL_AUTO_IS_NULL=0[0m


Processing UsersController#index (for 127.0.0.1 at 2009-08-17 19:30:58) [GET]
  Parameters: {"action"=>"index", "controller"=>"users"}

ActionController::UnknownAction (No action responded to index. Actions: create, edit, new, and update):
  

Rendering rescues/layout (not_found)
  [4;35;1mSQL (0.1ms)[0m   [0mSET NAMES 'utf8'[0m
  [4;36;1mSQL (0.1ms)[0m   [0;1mSET SQL_AUTO_IS_NULL=0[0m


Processing UsersController#edit (for 127.0.0.1 at 2009-08-17 19:31:10) [GET]
  Parameters: {"action"=>"edit", "id"=>"current", "controller"=>"users"}
  [4;35;1mUser Columns (0.9ms)[0m   [0mSHOW FIELDS FROM `users`[0m
  [4;36;1mUser Load (42.1ms)[0m   [0;1mSELECT * FROM `users` WHERE (`users`.`id` = '1') LIMIT 1[0m
Rendering template within layouts/application
Rendering users/edit
Rendered users/_form (3.0ms)
Completed in 74ms (View: 5, DB: 43) | 200 OK [http://localhost/users/current/edit]
  [4;35;1mSQL (0.1ms)[0m   [0mSET NAMES 'utf8'[0m
  [4;36;1mSQL (0.1ms)[0m   [0;1mSET SQL_AUTO_IS_NULL=0[0m


Processing UsersController#show (for 127.0.0.1 at 2009-08-17 19:31:51) [GET]
  Parameters: {"action"=>"show", "id"=>"edit", "controller"=>"users"}

ActionController::UnknownAction (No action responded to show. Actions: create, edit, new, and update):
  

Rendering rescues/layout (not_found)
  [4;35;1mSQL (0.1ms)[0m   [0mSET NAMES 'utf8'[0m
  [4;36;1mSQL (0.1ms)[0m   [0;1mSET SQL_AUTO_IS_NULL=0[0m


Processing UsersController#index (for 127.0.0.1 at 2009-08-17 19:31:56) [GET]
  Parameters: {"action"=>"index", "controller"=>"users"}

ActionController::UnknownAction (No action responded to index. Actions: create, edit, new, and update):
  

Rendering rescues/layout (not_found)
  [4;35;1mSQL (0.1ms)[0m   [0mSET NAMES 'utf8'[0m
  [4;36;1mSQL (0.1ms)[0m   [0;1mSET SQL_AUTO_IS_NULL=0[0m


Processing UsersController#new (for 127.0.0.1 at 2009-08-17 19:32:00) [GET]
  Parameters: {"action"=>"new", "controller"=>"users"}
  [4;35;1mUser Columns (0.9ms)[0m   [0mSHOW FIELDS FROM `users`[0m
Rendering template within layouts/application
Rendering users/new
Rendered users/_form (5.1ms)
  [4;36;1mUser Load (0.1ms)[0m   [0;1mSELECT * FROM `users` WHERE (`users`.`id` = '1') LIMIT 1[0m
Completed in 31ms (View: 15, DB: 1) | 200 OK [http://localhost/users/new]
  [4;35;1mSQL (0.1ms)[0m   [0mSET NAMES 'utf8'[0m
  [4;36;1mSQL (0.1ms)[0m   [0;1mSET SQL_AUTO_IS_NULL=0[0m


Processing UsersController#edit (for 127.0.0.1 at 2009-08-17 19:32:03) [GET]
  Parameters: {"action"=>"edit", "id"=>"current", "controller"=>"users"}
  [4;35;1mUser Columns (0.9ms)[0m   [0mSHOW FIELDS FROM `users`[0m
  [4;36;1mUser Load (0.1ms)[0m   [0;1mSELECT * FROM `users` WHERE (`users`.`id` = '1') LIMIT 1[0m
Rendering template within layouts/application
Rendering users/edit
Rendered users/_form (2.9ms)
Completed in 28ms (View: 5, DB: 1) | 200 OK [http://localhost/users/current/edit]
